This file contains any messages produced by compilers while
running configure, to aid debugging if configure makes a mistake.

It was created by configure, which was
generated by GNU Autoconf 2.69.  Invocation command line was

  $ ./configure 

## --------- ##
## Platform. ##
## --------- ##

hostname = devlaeminck
uname -m = x86_64
uname -r = 4.4.0-92-generic
uname -s = Linux
uname -v = #115-Ubuntu SMP Thu Aug 10 09:04:33 UTC 2017

/usr/bin/uname -p = unknown
/bin/uname -X     = unknown

/bin/arch              = unknown
/usr/bin/arch -k       = unknown
/usr/convex/getsysinfo = unknown
/usr/bin/hostinfo      = unknown
/bin/machine           = unknown
/usr/bin/oslevel       = unknown
/bin/universe          = unknown

PATH: /home/kevin/anaconda2/bin
PATH: /home/kevin/anaconda2/bin
PATH: /home/kevin/bin
PATH: /opt/gridengine/bin/lx24-amd64
PATH: /home/kevin/anaconda2/bin
PATH: /home/kevin/anaconda2/bin
PATH: /usr/local/sbin
PATH: /usr/local/bin
PATH: /usr/sbin
PATH: /usr/bin
PATH: /sbin
PATH: /bin
PATH: /usr/games
PATH: /usr/local/games


## ----------- ##
## Core tests. ##
## ----------- ##

configure:2428: checking for python3
configure:2446: found /usr/bin/python3
configure:2458: result: /usr/bin/python3
configure:2473: checking if Python >= '2.0'
configure:2510: chmod +x conftest.py && cp conftest.py conftest >&5
configure:2510: $? = 0
configure:2510: ./conftest
configure:2510: $? = 0
configure:2526: result: yes
configure:2536: checking if Python <= '4.0'
configure:2573: chmod +x conftest.py && cp conftest.py conftest >&5
configure:2573: $? = 0
configure:2573: ./conftest
configure:2573: $? = 0
configure:2589: result: yes
configure:2604: checking for python3-config
configure:2622: found /usr/bin/python3-config
configure:2634: result: /usr/bin/python3-config
configure:2643: checking for Python includes
configure:2655: result: -I/usr/include/python3.5m -I/usr/include/python3.5m
configure:2707: checking for gcc
configure:2723: found /usr/bin/gcc
configure:2734: result: gcc
configure:2963: checking for C compiler version
configure:2972: gcc --version >&5
gcc (Ubuntu 5.4.1-2ubuntu1~16.04) 5.4.1 20160904
Copyright (C) 2015 Free Software Foundation, Inc.
This is free software; see the source for copying conditions.  There is NO
warranty; not even for MERCHANTABILITY or FITNESS FOR A PARTICULAR PURPOSE.

configure:2983: $? = 0
configure:2972: gcc -v >&5
Using built-in specs.
COLLECT_GCC=gcc
COLLECT_LTO_WRAPPER=/usr/lib/gcc/x86_64-linux-gnu/5/lto-wrapper
Target: x86_64-linux-gnu
Configured with: ../src/configure -v --with-pkgversion='Ubuntu 5.4.1-2ubuntu1~16.04' --with-bugurl=file:///usr/share/doc/gcc-5/README.Bugs --enable-languages=c,ada,c++,java,go,d,fortran,objc,obj-c++ --prefix=/usr --program-suffix=-5 --enable-shared --enable-linker-build-id --libexecdir=/usr/lib --without-included-gettext --enable-threads=posix --libdir=/usr/lib --enable-nls --with-sysroot=/ --enable-clocale=gnu --enable-libstdcxx-debug --enable-libstdcxx-time=yes --with-default-libstdcxx-abi=new --enable-gnu-unique-object --disable-vtable-verify --enable-libmpx --enable-plugin --with-system-zlib --disable-browser-plugin --enable-java-awt=gtk --enable-gtk-cairo --with-java-home=/usr/lib/jvm/java-1.5.0-gcj-5-amd64/jre --enable-java-home --with-jvm-root-dir=/usr/lib/jvm/java-1.5.0-gcj-5-amd64 --with-jvm-jar-dir=/usr/lib/jvm-exports/java-1.5.0-gcj-5-amd64 --with-arch-directory=amd64 --with-ecj-jar=/usr/share/java/eclipse-ecj.jar --enable-objc-gc --enable-multiarch --disable-werror --with-arch-32=i686 --with-abi=m64 --with-multilib-list=m32,m64,mx32 --enable-multilib --with-tune=generic --enable-checking=release --build=x86_64-linux-gnu --host=x86_64-linux-gnu --target=x86_64-linux-gnu
Thread model: posix
gcc version 5.4.1 20160904 (Ubuntu 5.4.1-2ubuntu1~16.04) 
configure:2983: $? = 0
configure:2972: gcc -V >&5
gcc: error: unrecognized command line option '-V'
gcc: fatal error: no input files
compilation terminated.
configure:2983: $? = 1
configure:2972: gcc -qversion >&5
gcc: error: unrecognized command line option '-qversion'
gcc: fatal error: no input files
compilation terminated.
configure:2983: $? = 1
configure:3003: checking whether the C compiler works
configure:3025: gcc    conftest.c  >&5
configure:3029: $? = 0
configure:3077: result: yes
configure:3080: checking for C compiler default output file name
configure:3082: result: a.out
configure:3088: checking for suffix of executables
configure:3095: gcc -o conftest    conftest.c  >&5
configure:3099: $? = 0
configure:3121: result: 
configure:3143: checking whether we are cross compiling
configure:3151: gcc -o conftest    conftest.c  >&5
configure:3155: $? = 0
configure:3162: ./conftest
configure:3166: $? = 0
configure:3181: result: no
configure:3186: checking for suffix of object files
configure:3208: gcc -c   conftest.c >&5
configure:3212: $? = 0
configure:3233: result: o
configure:3237: checking whether we are using the GNU C compiler
configure:3256: gcc -c   conftest.c >&5
configure:3256: $? = 0
configure:3265: result: yes
configure:3274: checking whether gcc accepts -g
configure:3294: gcc -c -g  conftest.c >&5
configure:3294: $? = 0
configure:3335: result: yes
configure:3352: checking for gcc option to accept ISO C89
configure:3415: gcc  -c -g -O2  conftest.c >&5
configure:3415: $? = 0
configure:3428: result: none needed
configure:3454: checking how to run the C preprocessor
configure:3485: gcc -E  conftest.c
configure:3485: $? = 0
configure:3499: gcc -E  conftest.c
conftest.c:9:28: fatal error: ac_nonexistent.h: No such file or directory
compilation terminated.
configure:3499: $? = 1
configure: failed program was:
| /* confdefs.h */
| #define PACKAGE_NAME ""
| #define PACKAGE_TARNAME ""
| #define PACKAGE_VERSION ""
| #define PACKAGE_STRING ""
| #define PACKAGE_BUGREPORT ""
| #define PACKAGE_URL ""
| /* end confdefs.h.  */
| #include <ac_nonexistent.h>
configure:3524: result: gcc -E
configure:3544: gcc -E  conftest.c
configure:3544: $? = 0
configure:3558: gcc -E  conftest.c
conftest.c:9:28: fatal error: ac_nonexistent.h: No such file or directory
compilation terminated.
configure:3558: $? = 1
configure: failed program was:
| /* confdefs.h */
| #define PACKAGE_NAME ""
| #define PACKAGE_TARNAME ""
| #define PACKAGE_VERSION ""
| #define PACKAGE_STRING ""
| #define PACKAGE_BUGREPORT ""
| #define PACKAGE_URL ""
| /* end confdefs.h.  */
| #include <ac_nonexistent.h>
configure:3587: checking for grep that handles long lines and -e
configure:3645: result: /bin/grep
configure:3650: checking for egrep
configure:3712: result: /bin/grep -E
configure:3717: checking for ANSI C header files
configure:3737: gcc -c -g -O2  conftest.c >&5
configure:3737: $? = 0
configure:3810: gcc -o conftest -g -O2   conftest.c  >&5
configure:3810: $? = 0
configure:3810: ./conftest
configure:3810: $? = 0
configure:3821: result: yes
configure:3834: checking for sys/types.h
configure:3834: gcc -c -g -O2  conftest.c >&5
configure:3834: $? = 0
configure:3834: result: yes
configure:3834: checking for sys/stat.h
configure:3834: gcc -c -g -O2  conftest.c >&5
configure:3834: $? = 0
configure:3834: result: yes
configure:3834: checking for stdlib.h
configure:3834: gcc -c -g -O2  conftest.c >&5
configure:3834: $? = 0
configure:3834: result: yes
configure:3834: checking for string.h
configure:3834: gcc -c -g -O2  conftest.c >&5
configure:3834: $? = 0
configure:3834: result: yes
configure:3834: checking for memory.h
configure:3834: gcc -c -g -O2  conftest.c >&5
configure:3834: $? = 0
configure:3834: result: yes
configure:3834: checking for strings.h
configure:3834: gcc -c -g -O2  conftest.c >&5
configure:3834: $? = 0
configure:3834: result: yes
configure:3834: checking for inttypes.h
configure:3834: gcc -c -g -O2  conftest.c >&5
configure:3834: $? = 0
configure:3834: result: yes
configure:3834: checking for stdint.h
configure:3834: gcc -c -g -O2  conftest.c >&5
configure:3834: $? = 0
configure:3834: result: yes
configure:3834: checking for unistd.h
configure:3834: gcc -c -g -O2  conftest.c >&5
configure:3834: $? = 0
configure:3834: result: yes
configure:3848: checking Python.h usability
configure:3848: gcc -c -g -O2 -g -O2 -I/usr/include/python3.5m -I/usr/include/python3.5m conftest.c >&5
configure:3848: $? = 0
configure:3848: result: yes
configure:3848: checking Python.h presence
configure:3848: gcc -E -g -O2 -I/usr/include/python3.5m -I/usr/include/python3.5m conftest.c
configure:3848: $? = 0
configure:3848: result: yes
configure:3848: checking for Python.h
configure:3848: result: yes
configure:3856: checking for Python libs
configure:3868: result: -lpython3.5m -lpthread -ldl  -lutil -lm 
configure:3883: checking for  in -lpython3.5m
configure:3908: gcc -o conftest -g -O2   conftest.c -lpython3.5m   -lpython3.5m >&5
conftest.c:26:8: error: expected identifier or '(' before ')' token
 char  ();
        ^
conftest.c: In function 'main':
conftest.c:30:10: error: expected expression before ')' token
 return  ();
          ^
configure:3908: $? = 1
configure: failed program was:
| /* confdefs.h */
| #define PACKAGE_NAME ""
| #define PACKAGE_TARNAME ""
| #define PACKAGE_VERSION ""
| #define PACKAGE_STRING ""
| #define PACKAGE_BUGREPORT ""
| #define PACKAGE_URL ""
| #define STDC_HEADERS 1
| #define HAVE_SYS_TYPES_H 1
| #define HAVE_SYS_STAT_H 1
| #define HAVE_STDLIB_H 1
| #define HAVE_STRING_H 1
| #define HAVE_MEMORY_H 1
| #define HAVE_STRINGS_H 1
| #define HAVE_INTTYPES_H 1
| #define HAVE_STDINT_H 1
| #define HAVE_UNISTD_H 1
| /* end confdefs.h.  */
| 
| /* Override any GCC internal prototype to avoid an error.
|    Use char because int might match the return type of a GCC
|    builtin and then its argument prototype would still apply.  */
| #ifdef __cplusplus
| extern "C"
| #endif
| char  ();
| int
| main ()
| {
| return  ();
|   ;
|   return 0;
| }
configure:3918: result: no
configure:3929: checking for Python CFLAGS
configure:3941: result: -I/usr/include/python3.5m -I/usr/include/python3.5m  -Wno-unused-result -Wsign-compare -g -fstack-protector-strong -Wformat -Werror=format-security  -DNDEBUG -g -fwrapv -O3 -Wall -Wstrict-prototypes
configure:3945: checking for Python LDFLAGS
configure:3957: result: -L/usr/lib/python3.5/config-3.5m-x86_64-linux-gnu -L/usr/lib -lpython3.5m -lpthread -ldl  -lutil -lm  -Xlinker -export-dynamic -Wl,-O1 -Wl,-Bsymbolic-functions
configure:3961: checking for Python extension suffix
configure:3973: result: .cpython-35m-x86_64-linux-gnu.so
configure:3978: checking for Python 'pybind11' library
configure:4004: chmod +x conftest.py && cp conftest.py conftest >&5
configure:4004: $? = 0
configure:4004: ./conftest
configure:4004: $? = 0
configure:4020: result: yes
configure:4026: checking pybind11/pybind11.h usability
configure:4026: gcc -c -g -O2  conftest.c >&5
conftest.c:52:31: fatal error: pybind11/pybind11.h: No such file or directory
compilation terminated.
configure:4026: $? = 1
configure: failed program was:
| /* confdefs.h */
| #define PACKAGE_NAME ""
| #define PACKAGE_TARNAME ""
| #define PACKAGE_VERSION ""
| #define PACKAGE_STRING ""
| #define PACKAGE_BUGREPORT ""
| #define PACKAGE_URL ""
| #define STDC_HEADERS 1
| #define HAVE_SYS_TYPES_H 1
| #define HAVE_SYS_STAT_H 1
| #define HAVE_STDLIB_H 1
| #define HAVE_STRING_H 1
| #define HAVE_MEMORY_H 1
| #define HAVE_STRINGS_H 1
| #define HAVE_INTTYPES_H 1
| #define HAVE_STDINT_H 1
| #define HAVE_UNISTD_H 1
| /* end confdefs.h.  */
| #include <stdio.h>
| #ifdef HAVE_SYS_TYPES_H
| # include <sys/types.h>
| #endif
| #ifdef HAVE_SYS_STAT_H
| # include <sys/stat.h>
| #endif
| #ifdef STDC_HEADERS
| # include <stdlib.h>
| # include <stddef.h>
| #else
| # ifdef HAVE_STDLIB_H
| #  include <stdlib.h>
| # endif
| #endif
| #ifdef HAVE_STRING_H
| # if !defined STDC_HEADERS && defined HAVE_MEMORY_H
| #  include <memory.h>
| # endif
| # include <string.h>
| #endif
| #ifdef HAVE_STRINGS_H
| # include <strings.h>
| #endif
| #ifdef HAVE_INTTYPES_H
| # include <inttypes.h>
| #endif
| #ifdef HAVE_STDINT_H
| # include <stdint.h>
| #endif
| #ifdef HAVE_UNISTD_H
| # include <unistd.h>
| #endif
| #include <pybind11/pybind11.h>
configure:4026: result: no
configure:4026: checking pybind11/pybind11.h presence
configure:4026: gcc -E  conftest.c
conftest.c:19:31: fatal error: pybind11/pybind11.h: No such file or directory
compilation terminated.
configure:4026: $? = 1
configure: failed program was:
| /* confdefs.h */
| #define PACKAGE_NAME ""
| #define PACKAGE_TARNAME ""
| #define PACKAGE_VERSION ""
| #define PACKAGE_STRING ""
| #define PACKAGE_BUGREPORT ""
| #define PACKAGE_URL ""
| #define STDC_HEADERS 1
| #define HAVE_SYS_TYPES_H 1
| #define HAVE_SYS_STAT_H 1
| #define HAVE_STDLIB_H 1
| #define HAVE_STRING_H 1
| #define HAVE_MEMORY_H 1
| #define HAVE_STRINGS_H 1
| #define HAVE_INTTYPES_H 1
| #define HAVE_STDINT_H 1
| #define HAVE_UNISTD_H 1
| /* end confdefs.h.  */
| #include <pybind11/pybind11.h>
configure:4026: result: no
configure:4026: checking for pybind11/pybind11.h
configure:4026: result: no
configure:4136: checking for a thread-safe mkdir -p
configure:4175: result: /bin/mkdir -p
configure:4192: checking for a BSD-compatible install
configure:4260: result: /usr/bin/install -c
configure:4284: checking for Python prefix
configure:4326: result: /usr
configure:4330: checking for Python site-packages directory
configure:4369: chmod +x conftest.py && cp conftest.py conftest >&5
configure:4369: $? = 0
configure:4400: result: lib/python3.5/site-packages
configure:4410: checking for Python exec-prefix
configure:4453: result: /usr
configure:4457: checking for Python extension module directory
configure:4496: chmod +x conftest.py && cp conftest.py conftest >&5
configure:4496: $? = 0
configure:4527: result: lib/python3.5/site-packages
configure:4712: creating ./config.status

## ---------------------- ##
## Running config.status. ##
## ---------------------- ##

This file was extended by config.status, which was
generated by GNU Autoconf 2.69.  Invocation command line was

  CONFIG_FILES    = 
  CONFIG_HEADERS  = 
  CONFIG_LINKS    = 
  CONFIG_COMMANDS = 
  $ ./config.status 

on devlaeminck

config.status:748: creating Makefile
config.status:748: creating setup.py

## ---------------- ##
## Cache variables. ##
## ---------------- ##

ac_cv_c_compiler_gnu=yes
ac_cv_env_CC_set=
ac_cv_env_CC_value=
ac_cv_env_CFLAGS_set=
ac_cv_env_CFLAGS_value=
ac_cv_env_CPPFLAGS_set=
ac_cv_env_CPPFLAGS_value=
ac_cv_env_CPP_set=
ac_cv_env_CPP_value=
ac_cv_env_LDFLAGS_set=
ac_cv_env_LDFLAGS_value=
ac_cv_env_LIBS_set=
ac_cv_env_LIBS_value=
ac_cv_env_PYTHON_CONFIG_set=
ac_cv_env_PYTHON_CONFIG_value=
ac_cv_env_PYTHON_set=
ac_cv_env_PYTHON_value=
ac_cv_env_VIRTUALENV_FLAGS_set=
ac_cv_env_VIRTUALENV_FLAGS_value=
ac_cv_env_build_alias_set=
ac_cv_env_build_alias_value=
ac_cv_env_host_alias_set=
ac_cv_env_host_alias_value=
ac_cv_env_target_alias_set=
ac_cv_env_target_alias_value=
ac_cv_header_Python_h=yes
ac_cv_header_inttypes_h=yes
ac_cv_header_memory_h=yes
ac_cv_header_pybind11_pybind11_h=no
ac_cv_header_stdc=yes
ac_cv_header_stdint_h=yes
ac_cv_header_stdlib_h=yes
ac_cv_header_string_h=yes
ac_cv_header_strings_h=yes
ac_cv_header_sys_stat_h=yes
ac_cv_header_sys_types_h=yes
ac_cv_header_unistd_h=yes
ac_cv_lib_python3_5m___=no
ac_cv_objext=o
ac_cv_path_EGREP='/bin/grep -E'
ac_cv_path_GREP=/bin/grep
ac_cv_path_PYTHON=/usr/bin/python3
ac_cv_path_PYTHON_CONFIG=/usr/bin/python3-config
ac_cv_path_install='/usr/bin/install -c'
ac_cv_path_mkdir=/bin/mkdir
ac_cv_prog_CPP='gcc -E'
ac_cv_prog_ac_ct_CC=gcc
ac_cv_prog_cc_c89=
ac_cv_prog_cc_g=yes
pc_cv_python_cflags='-I/usr/include/python3.5m -I/usr/include/python3.5m  -Wno-unused-result -Wsign-compare -g -fstack-protector-strong -Wformat -Werror=format-security  -DNDEBUG -g -fwrapv -O3 -Wall -Wstrict-prototypes'
pc_cv_python_exec_dir=lib/python3.5/site-packages
pc_cv_python_exec_prefix=/usr
pc_cv_python_extension_suffix=.cpython-35m-x86_64-linux-gnu.so
pc_cv_python_includes='-I/usr/include/python3.5m -I/usr/include/python3.5m'
pc_cv_python_ldflags='-L/usr/lib/python3.5/config-3.5m-x86_64-linux-gnu -L/usr/lib -lpython3.5m -lpthread -ldl  -lutil -lm  -Xlinker -export-dynamic -Wl,-O1 -Wl,-Bsymbolic-functions'
pc_cv_python_libs='-lpython3.5m -lpthread -ldl  -lutil -lm '
pc_cv_python_module_pybind11=yes
pc_cv_python_prefix=/usr
pc_cv_python_req_version_2_0=yes
pc_cv_python_req_version_4_0=yes
pc_cv_python_site_dir=lib/python3.5/site-packages

## ----------------- ##
## Output variables. ##
## ----------------- ##

CC='gcc'
CFLAGS='-g -O2'
CPP='gcc -E'
CPPFLAGS=''
DEFS='-DPACKAGE_NAME=\"\" -DPACKAGE_TARNAME=\"\" -DPACKAGE_VERSION=\"\" -DPACKAGE_STRING=\"\" -DPACKAGE_BUGREPORT=\"\" -DPACKAGE_URL=\"\" -DSTDC_HEADERS=1 -DHAVE_SYS_TYPES_H=1 -DHAVE_SYS_STAT_H=1 -DHAVE_STDLIB_H=1 -DHAVE_STRING_H=1 -DHAVE_MEMORY_H=1 -DHAVE_STRINGS_H=1 -DHAVE_INTTYPES_H=1 -DHAVE_STDINT_H=1 -DHAVE_UNISTD_H=1'
ECHO_C=''
ECHO_N='-n'
ECHO_T=''
EGREP='/bin/grep -E'
EXEEXT=''
GREP='/bin/grep'
INSTALL_DATA='${INSTALL} -m 644'
INSTALL_PROGRAM='${INSTALL}'
INSTALL_SCRIPT='${INSTALL}'
LDFLAGS=''
LIBOBJS=''
LIBS=' -lpython3.5m'
LTLIBOBJS=''
MKDIR_P='/bin/mkdir -p'
OBJEXT='o'
PACKAGE_BUGREPORT=''
PACKAGE_NAME=''
PACKAGE_STRING=''
PACKAGE_TARNAME=''
PACKAGE_URL=''
PACKAGE_VERSION=''
PATH_SEPARATOR=':'
PYTHON='/usr/bin/python3'
PYTHON_CFLAGS='-I/usr/include/python3.5m -I/usr/include/python3.5m  -Wno-unused-result -Wsign-compare -g -fstack-protector-strong -Wformat -Werror=format-security  -DNDEBUG -g -fwrapv -O3 -Wall -Wstrict-prototypes'
PYTHON_CONFIG='/usr/bin/python3-config'
PYTHON_EXEC_PREFIX='/usr'
PYTHON_EXTENSION_SUFFIX='.cpython-35m-x86_64-linux-gnu.so'
PYTHON_INCLUDES='-I/usr/include/python3.5m -I/usr/include/python3.5m'
PYTHON_LDFLAGS='-L/usr/lib/python3.5/config-3.5m-x86_64-linux-gnu -L/usr/lib -lpython3.5m -lpthread -ldl  -lutil -lm  -Xlinker -export-dynamic -Wl,-O1 -Wl,-Bsymbolic-functions'
PYTHON_LIBS='-lpython3.5m -lpthread -ldl  -lutil -lm '
PYTHON_PREFIX='/usr'
SHELL='/bin/bash'
VIRTUALENV='no'
VIRTUALENV_FLAGS=''
ac_ct_CC='gcc'
bindir='${exec_prefix}/bin'
build_alias=''
datadir='${datarootdir}'
datarootdir='${prefix}/share'
docdir='${datarootdir}/doc/${PACKAGE}'
dvidir='${docdir}'
exec_prefix='${prefix}'
host_alias=''
htmldir='${docdir}'
includedir='${prefix}/include'
infodir='${datarootdir}/info'
libdir='${exec_prefix}/lib'
libexecdir='${exec_prefix}/libexec'
localedir='${datarootdir}/locale'
localstatedir='${prefix}/var'
mandir='${datarootdir}/man'
oldincludedir='/usr/include'
pdfdir='${docdir}'
pkgpyexecdir='${pyexecdir}/'
pkgpythondir='${pythondir}/'
prefix='/usr/local'
program_transform_name='s,x,x,'
psdir='${docdir}'
pyexecdir='${exec_prefix}/'
pythondir='${prefix}/lib/python3.5/site-packages'
runstatedir='${localstatedir}/run'
sbindir='${exec_prefix}/sbin'
sharedstatedir='${prefix}/com'
sysconfdir='${prefix}/etc'
target_alias=''

## ----------- ##
## confdefs.h. ##
## ----------- ##

/* confdefs.h */
#define PACKAGE_NAME ""
#define PACKAGE_TARNAME ""
#define PACKAGE_VERSION ""
#define PACKAGE_STRING ""
#define PACKAGE_BUGREPORT ""
#define PACKAGE_URL ""
#define STDC_HEADERS 1
#define HAVE_SYS_TYPES_H 1
#define HAVE_SYS_STAT_H 1
#define HAVE_STDLIB_H 1
#define HAVE_STRING_H 1
#define HAVE_MEMORY_H 1
#define HAVE_STRINGS_H 1
#define HAVE_INTTYPES_H 1
#define HAVE_STDINT_H 1
#define HAVE_UNISTD_H 1

configure: exit 0
